
Hyper-parameters:
is_training	True
per_gpu_batch_size	128
per_gpu_test_batch_size	128
learning_rate	0.0001
task	aol
epochs	3
save_path	./model/BertSessionSearch.aol
score_file_path	./output/aol/BertSessionSearch.aol.score_file.txt
score_file_pre_path	./output/aol/BertSessionSearch.aol.score_file.preq.txt
bert_model_path	../BERT/BertModel/
pretrain_model_path	../pre_train/model/BertContrastive.aol.4.10.128.sent_deletion.term_deletion.qd_reorder
log_path	./log/BertSessionSearch.aol.log
batch_size	128
test_batch_size	128

Hyper-parameters:
is_training	True
per_gpu_batch_size	128
per_gpu_test_batch_size	128
learning_rate	0.0001
task	aol
epochs	3
save_path	./model/BertSessionSearch.aol
score_file_path	./output/aol/BertSessionSearch.aol.score_file.txt
score_file_pre_path	./output/aol/BertSessionSearch.aol.score_file.preq.txt
bert_model_path	../BERT/BertModel/
pretrain_model_path	../pre_train/model/BertContrastive.aol.4.10.128.sent_deletion.term_deletion.qd_reorder
log_path	./log/BertSessionSearch.aol.log
batch_size	128
test_batch_size	128

Hyper-parameters:
is_training	True
per_gpu_batch_size	128
per_gpu_test_batch_size	128
learning_rate	0.0001
task	aol
epochs	3
save_path	./model/BertSessionSearch.aol
score_file_path	./output/aol/BertSessionSearch.aol.score_file.txt
score_file_pre_path	./output/aol/BertSessionSearch.aol.score_file.preq.txt
bert_model_path	../BERT/BertModel/
pretrain_model_path	/Users/tt/Downloads/seqPPS/pre_train/model/BertContrastive.aol.4.10.256.sent_deletion.term_deletion.qd_reorder
log_path	./log/BertSessionSearch.aol.log
batch_size	128
test_batch_size	128
Epoch 1/3

Hyper-parameters:
is_training	True
per_gpu_batch_size	128
per_gpu_test_batch_size	128
learning_rate	0.0001
task	aol
epochs	3
save_path	./model/BertSessionSearch.aol
score_file_path	./output/aol/BertSessionSearch.aol.score_file.txt
score_file_pre_path	./output/aol/BertSessionSearch.aol.score_file.preq.txt
bert_model_path	../BERT/BertModel/
pretrain_model_path	/Users/tt/Downloads/seqPPS/pre_train/model/BertContrastive.aol.4.10.256.sent_deletion.term_deletion.qd_reorder
log_path	./log/BertSessionSearch.aol.log
batch_size	128
test_batch_size	128
Epoch 1/3

Hyper-parameters:
is_training	True
per_gpu_batch_size	128
per_gpu_test_batch_size	128
learning_rate	0.0001
task	aol
epochs	3
save_path	./model/BertSessionSearch.aol
score_file_path	./output/aol/BertSessionSearch.aol.score_file.txt
score_file_pre_path	./output/aol/BertSessionSearch.aol.score_file.preq.txt
bert_model_path	../BERT/BertModel/
pretrain_model_path	/Users/tt/Downloads/seqPPS/pre_train/model/BertContrastive.aol.4.10.256.sent_deletion.term_deletion.qd_reorder
log_path	./log/BertSessionSearch.aol.log
batch_size	128
test_batch_size	128

Hyper-parameters:
is_training	True
per_gpu_batch_size	128
per_gpu_test_batch_size	128
learning_rate	0.0001
task	aol
epochs	3
save_path	./model/BertSessionSearch.aol
score_file_path	./output/aol/BertSessionSearch.aol.score_file.txt
score_file_pre_path	./output/aol/BertSessionSearch.aol.score_file.preq.txt
bert_model_path	../BERT/BertModel/
pretrain_model_path	/Users/tt/Downloads/seqPPS/pre_train/model/BertContrastive.aol.4.10.256.sent_deletion.term_deletion.qd_reorder
log_path	./log/BertSessionSearch.aol.log
batch_size	128
test_batch_size	128

Hyper-parameters:
is_training	True
per_gpu_batch_size	128
per_gpu_test_batch_size	128
learning_rate	0.0001
task	aol
epochs	3
save_path	./model/BertSessionSearch.aol
score_file_path	./output/aol/BertSessionSearch.aol.score_file.txt
score_file_pre_path	./output/aol/BertSessionSearch.aol.score_file.preq.txt
bert_model_path	../BERT/BertModel/
pretrain_model_path	/Users/tt/Downloads/seqPPS/pre_train/model/BertContrastive.aol.4.10.256.sent_deletion.term_deletion.qd_reorder
log_path	./log/BertSessionSearch.aol.log
batch_size	128
test_batch_size	128

Hyper-parameters:
is_training	True
per_gpu_batch_size	128
per_gpu_test_batch_size	128
learning_rate	0.0001
task	aol
epochs	3
save_path	./model/BertSessionSearch.aol
score_file_path	./output/aol/BertSessionSearch.aol.score_file.txt
score_file_pre_path	./output/aol/BertSessionSearch.aol.score_file.preq.txt
bert_model_path	../BERT/BertModel/
pretrain_model_path	/Users/tt/Downloads/seqPPS/pre_train/model/BertContrastive.aol.4.10.256.sent_deletion.term_deletion.qd_reorder
log_path	./log/BertSessionSearch.aol.log
batch_size	128
test_batch_size	128

Hyper-parameters:
is_training	True
per_gpu_batch_size	128
per_gpu_test_batch_size	128
learning_rate	0.0001
task	aol
epochs	3
save_path	./model/BertSessionSearch.aol
score_file_path	./output/aol/BertSessionSearch.aol.score_file.txt
score_file_pre_path	./output/aol/BertSessionSearch.aol.score_file.preq.txt
bert_model_path	../BERT/BertModel/
pretrain_model_path	/Users/tt/Downloads/seqPPS/pre_train/model/BertContrastive.aol.4.10.256.sent_deletion.term_deletion.qd_reorder
log_path	./log/BertSessionSearch.aol.log
batch_size	128
test_batch_size	128

Hyper-parameters:
is_training	True
per_gpu_batch_size	128
per_gpu_test_batch_size	128
learning_rate	0.0001
task	aol
epochs	3
save_path	./model/BertSessionSearch.aol
score_file_path	./output/aol/BertSessionSearch.aol.score_file.txt
score_file_pre_path	./output/aol/BertSessionSearch.aol.score_file.preq.txt
bert_model_path	../BERT/BertModel/
pretrain_model_path	/Users/tt/Downloads/seqPPS/pre_train/model/BertContrastive.aol.4.10.256.sent_deletion.term_deletion.qd_reorder
log_path	./log/BertSessionSearch.aol.log
batch_size	128
test_batch_size	128

Hyper-parameters:
is_training	True
per_gpu_batch_size	128
per_gpu_test_batch_size	128
learning_rate	0.0001
task	aol
epochs	3
save_path	./model/BertSessionSearch.aol
score_file_path	./output/aol/BertSessionSearch.aol.score_file.txt
score_file_pre_path	./output/aol/BertSessionSearch.aol.score_file.preq.txt
bert_model_path	../BERT/BertModel/
pretrain_model_path	/Users/tt/Downloads/seqPPS/pre_train/model/BertContrastive.aol.4.10.256.sent_deletion.term_deletion.qd_reorder
log_path	./log/BertSessionSearch.aol.log
batch_size	128
test_batch_size	128

Hyper-parameters:
is_training	True
per_gpu_batch_size	128
per_gpu_test_batch_size	128
learning_rate	0.0001
task	aol
epochs	3
save_path	./model/BertSessionSearch.aol
score_file_path	./output/aol/BertSessionSearch.aol.score_file.txt
score_file_pre_path	./output/aol/BertSessionSearch.aol.score_file.preq.txt
bert_model_path	../BERT/BertModel/
pretrain_model_path	/Users/tt/Downloads/seqPPS/pre_train/model/BertContrastive.aol.4.10.256.sent_deletion.term_deletion.qd_reorder
log_path	./log/BertSessionSearch.aol.log
batch_size	128
test_batch_size	128

Hyper-parameters:
is_training	True
per_gpu_batch_size	128
per_gpu_test_batch_size	128
learning_rate	0.0001
task	aol
epochs	3
save_path	./model/BertSessionSearch.aol
score_file_path	./output/aol/BertSessionSearch.aol.score_file.txt
score_file_pre_path	./output/aol/BertSessionSearch.aol.score_file.preq.txt
bert_model_path	../BERT/BertModel/
pretrain_model_path	/Users/tt/Downloads/seqPPS/pre_train/model/BertContrastive.aol.4.10.256.sent_deletion.term_deletion.qd_reorder
log_path	./log/BertSessionSearch.aol.log
batch_size	128
test_batch_size	128

Hyper-parameters:
is_training	True
per_gpu_batch_size	128
per_gpu_test_batch_size	128
learning_rate	0.0001
task	aol
epochs	3
save_path	./model/BertSessionSearch.aol
score_file_path	./output/aol/BertSessionSearch.aol.score_file.txt
score_file_pre_path	./output/aol/BertSessionSearch.aol.score_file.preq.txt
bert_model_path	../BERT/BertModel/
pretrain_model_path	/Users/tt/Downloads/seqPPS/pre_train/model/BertContrastive.aol.4.10.256.sent_deletion.term_deletion.qd_reorder
log_path	./log/BertSessionSearch.aol.log
batch_size	128
test_batch_size	128

Hyper-parameters:
is_training	True
per_gpu_batch_size	128
per_gpu_test_batch_size	128
learning_rate	0.0001
task	aol
epochs	3
save_path	./model/BertSessionSearch.aol
score_file_path	./output/aol/BertSessionSearch.aol.score_file.txt
score_file_pre_path	./output/aol/BertSessionSearch.aol.score_file.preq.txt
bert_model_path	../BERT/BertModel/
pretrain_model_path	/Users/tt/Downloads/seqPPS/pre_train/model/BertContrastive.aol.4.10.256.sent_deletion.term_deletion.qd_reorder
log_path	./log/BertSessionSearch.aol.log
batch_size	128
test_batch_size	128

Hyper-parameters:
is_training	True
per_gpu_batch_size	128
per_gpu_test_batch_size	128
learning_rate	0.0001
task	aol
epochs	3
save_path	./model/BertSessionSearch.aol
score_file_path	./output/aol/BertSessionSearch.aol.score_file.txt
score_file_pre_path	./output/aol/BertSessionSearch.aol.score_file.preq.txt
bert_model_path	../BERT/BertModel/
pretrain_model_path	/Users/tt/Downloads/seqPPS/pre_train/model/BertContrastive.aol.4.10.256.sent_deletion.term_deletion.qd_reorder
log_path	./log/BertSessionSearch.aol.log
batch_size	128
test_batch_size	128

Hyper-parameters:
is_training	True
per_gpu_batch_size	128
per_gpu_test_batch_size	128
learning_rate	0.0001
task	aol
epochs	3
save_path	./model/BertSessionSearch.aol
score_file_path	./output/aol/BertSessionSearch.aol.score_file.txt
score_file_pre_path	./output/aol/BertSessionSearch.aol.score_file.preq.txt
bert_model_path	../BERT/BertModel/
pretrain_model_path	/Users/tt/Downloads/seqPPS/pre_train/model/BertContrastive.aol.4.10.256.sent_deletion.term_deletion.qd_reorder
log_path	./log/BertSessionSearch.aol.log
batch_size	128
test_batch_size	128

Hyper-parameters:
is_training	True
per_gpu_batch_size	128
per_gpu_test_batch_size	128
learning_rate	0.0001
task	aol
epochs	3
save_path	./model/BertSessionSearch.aol
score_file_path	./output/aol/BertSessionSearch.aol.score_file.txt
score_file_pre_path	./output/aol/BertSessionSearch.aol.score_file.preq.txt
bert_model_path	../BERT/BertModel/
pretrain_model_path	/Users/tt/Downloads/seqPPS/pre_train/model/BertContrastive.aol.4.10.256.sent_deletion.term_deletion.qd_reorder
log_path	./log/BertSessionSearch.aol.log
batch_size	128
test_batch_size	128

Hyper-parameters:
is_training	True
per_gpu_batch_size	128
per_gpu_test_batch_size	128
learning_rate	0.0001
task	aol
epochs	3
save_path	./model/BertSessionSearch.aol
score_file_path	./output/aol/BertSessionSearch.aol.score_file.txt
score_file_pre_path	./output/aol/BertSessionSearch.aol.score_file.preq.txt
bert_model_path	../BERT/BertModel/
pretrain_model_path	/Users/tt/Downloads/seqPPS/pre_train/model/BertContrastive.aol.4.10.256.sent_deletion.term_deletion.qd_reorder
log_path	./log/BertSessionSearch.aol.log
batch_size	128
test_batch_size	128

Hyper-parameters:
is_training	True
per_gpu_batch_size	128
per_gpu_test_batch_size	128
learning_rate	0.0001
task	aol
epochs	3
save_path	./model/BertSessionSearch.aol
score_file_path	./output/aol/BertSessionSearch.aol.score_file.txt
score_file_pre_path	./output/aol/BertSessionSearch.aol.score_file.preq.txt
bert_model_path	../BERT/BertModel/
pretrain_model_path	/Users/tt/Downloads/seqPPS/pre_train/model/BertContrastive.aol.4.10.256.sent_deletion.term_deletion.qd_reorder
log_path	./log/BertSessionSearch.aol.log
batch_size	128
test_batch_size	128

Hyper-parameters:
is_training	True
per_gpu_batch_size	128
per_gpu_test_batch_size	128
learning_rate	0.0001
task	aol
epochs	3
save_path	./model/BertSessionSearch.aol
score_file_path	./output/aol/BertSessionSearch.aol.score_file.txt
score_file_pre_path	./output/aol/BertSessionSearch.aol.score_file.preq.txt
bert_model_path	../BERT/BertModel/
pretrain_model_path	/Users/tt/Downloads/seqPPS/pre_train/model/BertContrastive.aol.4.10.256.sent_deletion.term_deletion.qd_reorder
log_path	./log/BertSessionSearch.aol.log
batch_size	128
test_batch_size	128
Epoch 1/3

Hyper-parameters:
is_training	True
per_gpu_batch_size	128
per_gpu_test_batch_size	128
learning_rate	0.0001
task	aol
epochs	3
save_path	./model/BertSessionSearch.aol
score_file_path	./output/aol/BertSessionSearch.aol.score_file.txt
score_file_pre_path	./output/aol/BertSessionSearch.aol.score_file.preq.txt
bert_model_path	../BERT/BertModel/
pretrain_model_path	/Users/tt/Downloads/seqPPS/pre_train/model/BertContrastive.aol.4.10.256.sent_deletion.term_deletion.qd_reorder
log_path	./log/BertSessionSearch.aol.log
batch_size	128
test_batch_size	128

Hyper-parameters:
is_training	True
per_gpu_batch_size	128
per_gpu_test_batch_size	128
learning_rate	0.0001
task	aol
epochs	3
save_path	./model/BertSessionSearch.aol
score_file_path	./output/aol/BertSessionSearch.aol.score_file.txt
score_file_pre_path	./output/aol/BertSessionSearch.aol.score_file.preq.txt
bert_model_path	../BERT/BertModel/
pretrain_model_path	/Users/tt/Downloads/seqPPS/pre_train/model/BertContrastive.aol.4.10.256.sent_deletion.term_deletion.qd_reorder
log_path	./log/BertSessionSearch.aol.log
batch_size	128
test_batch_size	128

Hyper-parameters:
is_training	True
per_gpu_batch_size	128
per_gpu_test_batch_size	128
learning_rate	0.0001
task	aol
epochs	3
save_path	./model/BertSessionSearch.aol
score_file_path	./output/aol/BertSessionSearch.aol.score_file.txt
score_file_pre_path	./output/aol/BertSessionSearch.aol.score_file.preq.txt
bert_model_path	../BERT/BertModel/
pretrain_model_path	/Users/tt/Downloads/seqPPS/pre_train/model/BertContrastive.aol.4.10.256.sent_deletion.term_deletion.qd_reorder
log_path	./log/BertSessionSearch.aol.log
batch_size	128
test_batch_size	128

Hyper-parameters:
is_training	True
per_gpu_batch_size	128
per_gpu_test_batch_size	128
learning_rate	0.0001
task	aol
epochs	3
save_path	./model/BertSessionSearch.aol
score_file_path	./output/aol/BertSessionSearch.aol.score_file.txt
score_file_pre_path	./output/aol/BertSessionSearch.aol.score_file.preq.txt
bert_model_path	../BERT/BertModel/
pretrain_model_path	/Users/tt/Downloads/seqPPS/pre_train/model/BertContrastive.aol.4.10.256.sent_deletion.term_deletion.qd_reorder
log_path	./log/BertSessionSearch.aol.log
batch_size	128
test_batch_size	128

Hyper-parameters:
is_training	True
per_gpu_batch_size	128
per_gpu_test_batch_size	128
learning_rate	0.0001
task	aol
epochs	3
save_path	./model/BertSessionSearch.aol
score_file_path	./output/aol/BertSessionSearch.aol.score_file.txt
score_file_pre_path	./output/aol/BertSessionSearch.aol.score_file.preq.txt
bert_model_path	../BERT/BertModel/
pretrain_model_path	/Users/tt/Downloads/seqPPS/pre_train/model/BertContrastive.aol.4.10.256.sent_deletion.term_deletion.qd_reorder
log_path	./log/BertSessionSearch.aol.log
batch_size	128
test_batch_size	128

Hyper-parameters:
is_training	True
per_gpu_batch_size	128
per_gpu_test_batch_size	128
learning_rate	0.0001
task	aol
epochs	3
save_path	./model/BertSessionSearch.aol
score_file_path	./output/aol/BertSessionSearch.aol.score_file.txt
score_file_pre_path	./output/aol/BertSessionSearch.aol.score_file.preq.txt
bert_model_path	../BERT/BertModel/
pretrain_model_path	/Users/tt/Downloads/seqPPS/pre_train/model/BertContrastive.aol.4.10.256.sent_deletion.term_deletion.qd_reorder
log_path	./log/BertSessionSearch.aol.log
batch_size	128
test_batch_size	128

Hyper-parameters:
is_training	True
per_gpu_batch_size	128
per_gpu_test_batch_size	128
learning_rate	0.0001
task	aol
epochs	3
save_path	./model/BertSessionSearch.aol
score_file_path	./output/aol/BertSessionSearch.aol.score_file.txt
score_file_pre_path	./output/aol/BertSessionSearch.aol.score_file.preq.txt
bert_model_path	../BERT/BertModel/
pretrain_model_path	/Users/tt/Downloads/seqPPS/pre_train/model/BertContrastive.aol.4.10.256.sent_deletion.term_deletion.qd_reorder
log_path	./log/BertSessionSearch.aol.log
batch_size	128
test_batch_size	128

Hyper-parameters:
is_training	True
per_gpu_batch_size	128
per_gpu_test_batch_size	128
learning_rate	0.0001
task	aol
epochs	3
save_path	./model/BertSessionSearch.aol
score_file_path	./output/aol/BertSessionSearch.aol.score_file.txt
score_file_pre_path	./output/aol/BertSessionSearch.aol.score_file.preq.txt
bert_model_path	../BERT/BertModel/
pretrain_model_path	/Users/tt/Downloads/seqPPS/pre_train/model/BertContrastive.aol.4.10.256.sent_deletion.term_deletion.qd_reorder
log_path	./log/BertSessionSearch.aol.log
batch_size	128
test_batch_size	128

Hyper-parameters:
is_training	True
per_gpu_batch_size	128
per_gpu_test_batch_size	128
learning_rate	0.0001
task	aol
epochs	3
save_path	./model/BertSessionSearch.aol
score_file_path	./output/aol/BertSessionSearch.aol.score_file.txt
score_file_pre_path	./output/aol/BertSessionSearch.aol.score_file.preq.txt
bert_model_path	../BERT/BertModel/
pretrain_model_path	/Users/tt/Downloads/seqPPS/pre_train/model/BertContrastive.aol.4.10.256.sent_deletion.term_deletion.qd_reorder
log_path	./log/BertSessionSearch.aol.log
batch_size	128
test_batch_size	128

Hyper-parameters:
is_training	True
per_gpu_batch_size	128
per_gpu_test_batch_size	128
learning_rate	0.0001
task	aol
epochs	3
save_path	./model/BertSessionSearch.aol
score_file_path	./output/aol/BertSessionSearch.aol.score_file.txt
score_file_pre_path	./output/aol/BertSessionSearch.aol.score_file.preq.txt
bert_model_path	../BERT/BertModel/
pretrain_model_path	/Users/tt/Downloads/seqPPS/pre_train/model/BertContrastive.aol.4.10.256.sent_deletion.term_deletion.qd_reorder
log_path	./log/BertSessionSearch.aol.log
batch_size	128
test_batch_size	128

Hyper-parameters:
is_training	True
per_gpu_batch_size	128
per_gpu_test_batch_size	128
learning_rate	0.0001
task	aol
epochs	3
save_path	./model/BertSessionSearch.aol
score_file_path	./output/aol/BertSessionSearch.aol.score_file.txt
score_file_pre_path	./output/aol/BertSessionSearch.aol.score_file.preq.txt
bert_model_path	../BERT/BertModel/
pretrain_model_path	/Users/tt/Downloads/seqPPS/pre_train/model/BertContrastive.aol.4.10.256.sent_deletion.term_deletion.qd_reorder
log_path	./log/BertSessionSearch.aol.log
batch_size	128
test_batch_size	128

Hyper-parameters:
is_training	True
per_gpu_batch_size	128
per_gpu_test_batch_size	128
learning_rate	0.0001
task	aol
epochs	3
save_path	./model/BertSessionSearch.aol
score_file_path	./output/aol/BertSessionSearch.aol.score_file.txt
score_file_pre_path	./output/aol/BertSessionSearch.aol.score_file.preq.txt
bert_model_path	../BERT/BertModel/
pretrain_model_path	/Users/tt/Downloads/seqPPS/pre_train/model/BertContrastive.aol.4.10.256.sent_deletion.term_deletion.qd_reorder
log_path	./log/BertSessionSearch.aol.log
batch_size	128
test_batch_size	128

Hyper-parameters:
is_training	True
per_gpu_batch_size	128
per_gpu_test_batch_size	128
learning_rate	0.0001
task	aol
epochs	3
save_path	./model/BertSessionSearch.aol
score_file_path	./output/aol/BertSessionSearch.aol.score_file.txt
score_file_pre_path	./output/aol/BertSessionSearch.aol.score_file.preq.txt
bert_model_path	../BERT/BertModel/
pretrain_model_path	/Users/tt/Downloads/seqPPS/pre_train/model/BertContrastive.aol.4.10.256.sent_deletion.term_deletion.qd_reorder
log_path	./log/BertSessionSearch.aol.log
batch_size	128
test_batch_size	128

Hyper-parameters:
is_training	True
per_gpu_batch_size	128
per_gpu_test_batch_size	128
learning_rate	0.0001
task	aol
epochs	3
save_path	./model/BertSessionSearch.aol
score_file_path	./output/aol/BertSessionSearch.aol.score_file.txt
score_file_pre_path	./output/aol/BertSessionSearch.aol.score_file.preq.txt
bert_model_path	../BERT/BertModel/
pretrain_model_path	/Users/tt/Downloads/seqPPS/pre_train/model/BertContrastive.aol.4.10.256.sent_deletion.term_deletion.qd_reorder
log_path	./log/BertSessionSearch.aol.log
batch_size	128
test_batch_size	128

Hyper-parameters:
is_training	True
per_gpu_batch_size	128
per_gpu_test_batch_size	128
learning_rate	0.0001
task	aol
epochs	3
save_path	./model/BertSessionSearch.aol
score_file_path	./output/aol/BertSessionSearch.aol.score_file.txt
score_file_pre_path	./output/aol/BertSessionSearch.aol.score_file.preq.txt
bert_model_path	../BERT/BertModel/
pretrain_model_path	/Users/tt/Downloads/seqPPS/pre_train/model/BertContrastive.aol.4.10.256.sent_deletion.term_deletion.qd_reorder
log_path	./log/BertSessionSearch.aol.log
batch_size	128
test_batch_size	128

Hyper-parameters:
is_training	True
per_gpu_batch_size	128
per_gpu_test_batch_size	128
learning_rate	0.0001
task	aol
epochs	3
save_path	./model/BertSessionSearch.aol
score_file_path	./output/aol/BertSessionSearch.aol.score_file.txt
score_file_pre_path	./output/aol/BertSessionSearch.aol.score_file.preq.txt
bert_model_path	../BERT/BertModel/
pretrain_model_path	/Users/tt/Downloads/seqPPS/pre_train/model/BertContrastive.aol.4.10.256.sent_deletion.term_deletion.qd_reorder
log_path	./log/BertSessionSearch.aol.log
batch_size	128
test_batch_size	128

Hyper-parameters:
is_training	True
per_gpu_batch_size	128
per_gpu_test_batch_size	128
learning_rate	0.0001
task	aol
epochs	3
save_path	./model/BertSessionSearch.aol
score_file_path	./output/aol/BertSessionSearch.aol.score_file.txt
score_file_pre_path	./output/aol/BertSessionSearch.aol.score_file.preq.txt
bert_model_path	../BERT/BertModel/
pretrain_model_path	/Users/tt/Downloads/seqPPS/pre_train/model/BertContrastive.aol.4.10.256.sent_deletion.term_deletion.qd_reorder
log_path	./log/BertSessionSearch.aol.log
batch_size	128
test_batch_size	128
Epoch 1/3

Hyper-parameters:
is_training	True
per_gpu_batch_size	128
per_gpu_test_batch_size	128
learning_rate	0.0001
task	aol
epochs	3
save_path	./model/BertSessionSearch.aol
score_file_path	./output/aol/BertSessionSearch.aol.score_file.txt
score_file_pre_path	./output/aol/BertSessionSearch.aol.score_file.preq.txt
bert_model_path	../BERT/BertModel/
pretrain_model_path	/Users/tt/Downloads/seqPPS/pre_train/model/BertContrastive.aol.4.10.256.sent_deletion.term_deletion.qd_reorder
log_path	./log/BertSessionSearch.aol.log
batch_size	128
test_batch_size	128
Epoch 1/3

Hyper-parameters:
is_training	True
per_gpu_batch_size	128
per_gpu_test_batch_size	128
learning_rate	0.0001
task	aol
epochs	3
save_path	./model/BertSessionSearch.aol
score_file_path	./output/Musical_Instruments/BertSessionSearch.aol.score_file.txt
score_file_pre_path	./output/Musical_Instruments/BertSessionSearch.aol.score_file.preq.txt
bert_model_path	../BERT/BertModel/
pretrain_model_path	/Users/tt/Downloads/seqPPS/pre_train/model/BertContrastive.aol.4.10.256.sent_deletion.term_deletion.qd_reorder
log_path	./log/BertSessionSearch.aol.log
batch_size	128
test_batch_size	128

Hyper-parameters:
is_training	True
per_gpu_batch_size	128
per_gpu_test_batch_size	128
learning_rate	0.0001
task	aol
epochs	3
save_path	./model/BertSessionSearch.aol
score_file_path	./output/Musical_Instruments/BertSessionSearch.aol.score_file.txt
score_file_pre_path	./output/Musical_Instruments/BertSessionSearch.aol.score_file.preq.txt
bert_model_path	../BERT/BertModel/
pretrain_model_path	/Users/tt/Downloads/seqPPS/pre_train/model/BertContrastive.aol.4.10.256.sent_deletion.term_deletion.qd_reorder
log_path	./log/BertSessionSearch.aol.log
batch_size	128
test_batch_size	128
Epoch 1/3
